  drawing.cpp
C:\Users\uchenik\Desktop\SDL_Game\SDL_Game\voxel_data.h(67,11): warning C4244: инициализация: преобразование "int" в "float", возможна потеря данных
C:\Users\uchenik\Desktop\SDL_Game\SDL_Game\chunk.h(111,21): warning C4018: <: несоответствие типов со знаком и без знака
C:\Users\uchenik\Desktop\SDL_Game\SDL_Game\drawing.cpp(81,67): warning C4305: аргумент: усечение из "double" в "GLfloat"
C:\Users\uchenik\Desktop\SDL_Game\SDL_Game\drawing.cpp(82,66): warning C4305: аргумент: усечение из "double" в "GLfloat"
C:\Users\uchenik\Desktop\SDL_Game\SDL_Game\drawing.cpp(83,64): warning C4305: аргумент: усечение из "double" в "GLfloat"
C:\Users\uchenik\Desktop\SDL_Game\SDL_Game\drawing.cpp(84,65): warning C4305: аргумент: усечение из "double" в "GLfloat"
C:\Users\uchenik\Desktop\SDL_Game\SDL_Game\drawing.cpp(85,70): warning C4305: аргумент: усечение из "double" в "GLfloat"
C:\Users\uchenik\Desktop\SDL_Game\SDL_Game\drawing.cpp(86,70): warning C4305: аргумент: усечение из "double" в "GLfloat"
C:\Users\uchenik\Desktop\SDL_Game\SDL_Game\drawing.cpp(87,69): warning C4305: аргумент: усечение из "double" в "GLfloat"
C:\Users\uchenik\Desktop\SDL_Game\SDL_Game\drawing.cpp(88,69): warning C4305: аргумент: усечение из "double" в "GLfloat"
C:\Users\uchenik\Desktop\SDL_Game\SDL_Game\drawing.cpp(92,56): warning C4305: аргумент: усечение из "double" в "GLfloat"
C:\Users\uchenik\Desktop\SDL_Game\SDL_Game\drawing.cpp(93,53): warning C4305: аргумент: усечение из "double" в "GLfloat"
C:\Users\uchenik\Desktop\SDL_Game\SDL_Game\drawing.cpp(94,60): warning C4305: аргумент: усечение из "double" в "GLfloat"
C:\Users\uchenik\Desktop\SDL_Game\SDL_Game\drawing.cpp(95,62): warning C4305: аргумент: усечение из "double" в "GLfloat"
C:\Users\uchenik\Desktop\SDL_Game\SDL_Game\drawing.cpp(108,60): warning C4305: аргумент: усечение из "double" в "GLfloat"
C:\Users\uchenik\Desktop\SDL_Game\SDL_Game\drawing.cpp(109,58): warning C4305: аргумент: усечение из "double" в "GLfloat"
C:\Users\uchenik\Desktop\SDL_Game\SDL_Game\drawing.cpp(110,58): warning C4305: аргумент: усечение из "double" в "GLfloat"
C:\Users\uchenik\Desktop\SDL_Game\SDL_Game\drawing.cpp(111,60): warning C4305: аргумент: усечение из "double" в "GLfloat"
  generation.cpp
C:\Users\uchenik\Desktop\SDL_Game\SDL_Game\voxel_data.h(67,11): warning C4244: инициализация: преобразование "int" в "float", возможна потеря данных
C:\Users\uchenik\Desktop\SDL_Game\SDL_Game\chunk.h(111,21): warning C4018: <: несоответствие типов со знаком и без знака
  get_voxel.cpp
C:\Users\uchenik\Desktop\SDL_Game\SDL_Game\voxel_data.h(67,11): warning C4244: инициализация: преобразование "int" в "float", возможна потеря данных
C:\Users\uchenik\Desktop\SDL_Game\SDL_Game\chunk.h(111,21): warning C4018: <: несоответствие типов со знаком и без знака
C:\Users\uchenik\Desktop\SDL_Game\SDL_Game\get_voxel.cpp(6,8): warning C4244: инициализация: преобразование "float" в "int", возможна потеря данных
C:\Users\uchenik\Desktop\SDL_Game\SDL_Game\get_voxel.cpp(7,8): warning C4244: инициализация: преобразование "float" в "int", возможна потеря данных
C:\Users\uchenik\Desktop\SDL_Game\SDL_Game\get_voxel.cpp(8,8): warning C4244: инициализация: преобразование "float" в "int", возможна потеря данных
C:\Users\uchenik\Desktop\SDL_Game\SDL_Game\get_voxel.cpp(63,41): warning C4244: аргумент: преобразование "float" в "int", возможна потеря данных
  init_functions.cpp
C:\Users\uchenik\Desktop\SDL_Game\SDL_Game\voxel_data.h(67,11): warning C4244: инициализация: преобразование "int" в "float", возможна потеря данных
C:\Users\uchenik\Desktop\SDL_Game\SDL_Game\chunk.h(111,21): warning C4018: <: несоответствие типов со знаком и без знака
C:\Users\uchenik\Desktop\SDL_Game\SDL_Game\init_functions.cpp(94,20): warning C4018: >=: несоответствие типов со знаком и без знака
  main.cpp
  main_functions.cpp
C:\Users\uchenik\Desktop\SDL_Game\SDL_Game\voxel_data.h(67,11): warning C4244: инициализация: преобразование "int" в "float", возможна потеря данных
C:\Users\uchenik\Desktop\SDL_Game\SDL_Game\chunk.h(111,21): warning C4018: <: несоответствие типов со знаком и без знака
C:\Users\uchenik\Desktop\SDL_Game\SDL_Game\main_functions.cpp(27,19): warning C4244: аргумент: преобразование "time_t" в "unsigned int", возможна потеря данных
C:\Users\uchenik\Desktop\SDL_Game\SDL_Game\main_functions.cpp(44,52): warning C4244: аргумент: преобразование "float" в "int", возможна потеря данных
C:\Users\uchenik\Desktop\SDL_Game\SDL_Game\main_functions.cpp(44,29): warning C4244: аргумент: преобразование "float" в "int", возможна потеря данных
C:\Users\uchenik\Desktop\SDL_Game\SDL_Game\main_functions.cpp(60,12): warning C4244: аргумент: преобразование "time_t" в "unsigned int", возможна потеря данных
  noise.cpp
C:\Users\uchenik\Desktop\SDL_Game\SDL_Game\noise.cpp(46,33): warning C4244: =: преобразование "double" в "float", возможна потеря данных
  player_controller.cpp
C:\Users\uchenik\Desktop\SDL_Game\SDL_Game\voxel_data.h(67,11): warning C4244: инициализация: преобразование "int" в "float", возможна потеря данных
C:\Users\uchenik\Desktop\SDL_Game\SDL_Game\chunk.h(111,21): warning C4018: <: несоответствие типов со знаком и без знака
C:\Users\uchenik\Desktop\SDL_Game\SDL_Game\player_controller.cpp(9,12): warning C4244: инициализация: преобразование "float" в "int", возможна потеря данных
C:\Users\uchenik\Desktop\SDL_Game\SDL_Game\player_controller.cpp(9,56): warning C4244: инициализация: преобразование "float" в "int", возможна потеря данных
C:\Users\uchenik\Desktop\SDL_Game\SDL_Game\player_controller.cpp(16,49): warning C4244: -=: преобразование "double" в "float", возможна потеря данных
C:\Users\uchenik\Desktop\SDL_Game\SDL_Game\player_controller.cpp(17,49): warning C4244: +=: преобразование "double" в "float", возможна потеря данных
C:\Users\uchenik\Desktop\SDL_Game\SDL_Game\player_controller.cpp(18,49): warning C4244: -=: преобразование "double" в "float", возможна потеря данных
C:\Users\uchenik\Desktop\SDL_Game\SDL_Game\player_controller.cpp(19,17): warning C4244: =: преобразование "float" в "int", возможна потеря данных
C:\Users\uchenik\Desktop\SDL_Game\SDL_Game\player_controller.cpp(20,17): warning C4244: =: преобразование "float" в "int", возможна потеря данных
C:\Users\uchenik\Desktop\SDL_Game\SDL_Game\player_controller.cpp(32,51): warning C4244: +=: преобразование "double" в "float", возможна потеря данных
C:\Users\uchenik\Desktop\SDL_Game\SDL_Game\player_controller.cpp(33,51): warning C4244: -=: преобразование "double" в "float", возможна потеря данных
C:\Users\uchenik\Desktop\SDL_Game\SDL_Game\player_controller.cpp(34,51): warning C4244: +=: преобразование "double" в "float", возможна потеря данных
C:\Users\uchenik\Desktop\SDL_Game\SDL_Game\player_controller.cpp(35,19): warning C4244: =: преобразование "float" в "int", возможна потеря данных
C:\Users\uchenik\Desktop\SDL_Game\SDL_Game\player_controller.cpp(36,19): warning C4244: =: преобразование "float" в "int", возможна потеря данных
C:\Users\uchenik\Desktop\SDL_Game\SDL_Game\player_controller.cpp(57,12): warning C4244: инициализация: преобразование "float" в "int", возможна потеря данных
C:\Users\uchenik\Desktop\SDL_Game\SDL_Game\player_controller.cpp(58,12): warning C4244: инициализация: преобразование "float" в "int", возможна потеря данных
C:\Users\uchenik\Desktop\SDL_Game\SDL_Game\player_controller.cpp(94,50): warning C4244: -=: преобразование "double" в "float", возможна потеря данных
C:\Users\uchenik\Desktop\SDL_Game\SDL_Game\player_controller.cpp(99,50): warning C4244: -=: преобразование "double" в "float", возможна потеря данных
C:\Users\uchenik\Desktop\SDL_Game\SDL_Game\player_controller.cpp(107,50): warning C4244: +=: преобразование "double" в "float", возможна потеря данных
C:\Users\uchenik\Desktop\SDL_Game\SDL_Game\player_controller.cpp(112,50): warning C4244: +=: преобразование "double" в "float", возможна потеря данных
C:\Users\uchenik\Desktop\SDL_Game\SDL_Game\player_controller.cpp(120,59): warning C4244: +=: преобразование "double" в "float", возможна потеря данных
C:\Users\uchenik\Desktop\SDL_Game\SDL_Game\player_controller.cpp(125,59): warning C4244: +=: преобразование "double" в "float", возможна потеря данных
C:\Users\uchenik\Desktop\SDL_Game\SDL_Game\player_controller.cpp(133,59): warning C4244: -=: преобразование "double" в "float", возможна потеря данных
C:\Users\uchenik\Desktop\SDL_Game\SDL_Game\player_controller.cpp(138,59): warning C4244: -=: преобразование "double" в "float", возможна потеря данных
  Создание кода...
C:\Users\uchenik\Desktop\SDL_Game\SDL_Game\get_voxel.cpp(44): warning C4715: get_voxel_from_height: значение возвращается не при всех путях выполнения
C:\Users\uchenik\Desktop\SDL_Game\SDL_Game\sdl_game.h(95): warning C4715: block_type::get_textureID: значение возвращается не при всех путях выполнения
init_functions.obj : error LNK2019: ссылка на неразрешенный внешний символ "void __cdecl draw_loading(unsigned int)" (?draw_loading@@YAXI@Z) в функции "void __cdecl menu_events(bool &,bool &,bool &,unsigned int)" (?menu_events@@YAXAA_N00I@Z).
main_functions.obj : error LNK2019: ссылка на неразрешенный внешний символ "void __cdecl draw_game_frame(struct player &,float &,float &,float &,unsigned int,unsigned int,unsigned int,unsigned int)" (?draw_game_frame@@YAXAAUplayer@@AAM11IIII@Z) в функции "void __cdecl play(bool)" (?play@@YAX_N@Z).
main_functions.obj : error LNK2019: ссылка на неразрешенный внешний символ "void __cdecl draw_menu(unsigned int * const,bool)" (?draw_menu@@YAXQAI_N@Z) в функции "void __cdecl menu(bool)" (?menu@@YAX_N@Z).
main_functions.obj : error LNK2019: ссылка на неразрешенный внешний символ "void __cdecl draw_rules(bool,unsigned int * const)" (?draw_rules@@YAX_NQAI@Z) в функции "void __cdecl menu(bool)" (?menu@@YAX_N@Z).
C:\Users\uchenik\Desktop\SDL_Game\Debug\SDL_Game.exe : fatal error LNK1120: неразрешенных внешних элементов: 4
